#
# A fatal error has been detected by the Java Runtime Environment:
#
#  EXCEPTION_ACCESS_VIOLATION (0xc0000005) at pc=0x000000007765d727, pid=2828, tid=7068
#
# JRE version: Java(TM) SE Runtime Environment (8.0_91-b15) (build 1.8.0_91-b15)
# Java VM: Java HotSpot(TM) 64-Bit Server VM (25.91-b15 mixed mode windows-amd64 compressed oops)
# Problematic frame:
# V  [jvm.dll+0x13d727]
#
# Failed to write core dump. Minidumps are not enabled by default on client versions of Windows
#
# If you would like to submit a bug report, please visit:
#   http://bugreport.java.com/bugreport/crash.jsp
#

---------------  T H R E A D  ---------------

Current thread (0x000000001f7c3800):  JavaThread "HIDCommandExecutionQueue.executor pool-5-thread-1" daemon [_thread_in_vm, id=7068, stack(0x0000000021300000,0x0000000021400000)]

siginfo: ExceptionCode=0xc0000005, reading address 0x0000000000000000

Registers:
RAX=0x0000000000000000, RBX=0x000000001f7c3800, RCX=0x0000000000000380, RDX=0x000000001f7cef20
RSP=0x00000000213fe550, RBP=0x0000000000000000, RSI=0x000000001f7cef20, RDI=0x0000000000000101
R8 =0x0000000000000000, R9 =0x000000076c712f20, R10=0x00000000000000ba, R11=0x0000000077d24c18
R12=0x0000000000000000, R13=0x0000000000000204, R14=0x0000000000000158, R15=0x000000001f7c3800
RIP=0x000000007765d727, EFLAGS=0x0000000000010202

Top of Stack: (sp=0x00000000213fe550)
0x00000000213fe550:   00009a4050e157cd cccccccccccccccc
0x00000000213fe560:   00000000000001d8 0000000021155e68
0x00000000213fe570:   00000000000001d8 0000000180001419
0x00000000213fe580:   000000000000012d 00000000213fe6c0
0x00000000213fe590:   0000000021155e68 000000000000012d
0x00000000213fe5a0:   0000000000000000 000000018000132e
0x00000000213fe5b0:   00000000213fe690 00000000213fe698
0x00000000213fe5c0:   00000000213fe6a0 0000000180002410
0x00000000213fe5d0:   0000000000000000 00000001800012f8
0x00000000213fe5e0:   00000001800263e8 000000007765bec9
0x00000000213fe5f0:   00000001800263a0 00000001800263e8
0x00000000213fe600:   00000001800263e8 000000001f7c3800
0x00000000213fe610:   00000000211078e0 0000000003930549
0x00000000213fe620:   0000000000000790 000000076c3d0a20
0x00000000213fe630:   000000001f7c3800 0000000000000000
0x00000000213fe640:   000000076c3d0a20 0000000180002410 

Instructions: (pc=0x000000007765d727)
0x000000007765d707:   00 00 00 30 74 08 48 8b cb e8 1b 2b 10 00 c7 83
0x000000007765d717:   70 02 00 00 06 00 00 00 40 b7 01 48 85 f6 74 60
0x000000007765d727:   48 8b 4d 00 40 32 ff e8 bd a4 f2 ff 48 8b d0 48
0x000000007765d737:   85 c0 74 4c 40 38 3d ef 64 6c 00 4c 8b 06 74 16 


Register to memory mapping:

RAX=0x0000000000000000 is an unknown value
RBX=0x000000001f7c3800 is a thread
RCX=0x0000000000000380 is an unknown value
RDX=0x000000001f7cef20 is an unknown value
RSP=0x00000000213fe550 is pointing into the stack for thread: 0x000000001f7c3800
RBP=0x0000000000000000 is an unknown value
RSI=0x000000001f7cef20 is an unknown value
RDI=0x0000000000000101 is an unknown value
R8 =0x0000000000000000 is an unknown value
R9 =0x000000076c712f20 is an oop
[Ljava.lang.Object; 
 - klass: 'java/lang/Object'[]
 - length: 5
R10=0x00000000000000ba is an unknown value
R11=0x0000000077d24c18 is an unknown value
R12=0x0000000000000000 is an unknown value
R13=0x0000000000000204 is an unknown value
R14=0x0000000000000158 is an unknown value
R15=0x000000001f7c3800 is a thread


Stack: [0x0000000021300000,0x0000000021400000],  sp=0x00000000213fe550,  free space=1017k
Native frames: (J=compiled Java code, j=interpreted, Vv=VM code, C=native code)

Java frames: (J=compiled Java code, j=interpreted, Vv=VM code)
J 752  com.sun.jna.Function.invokeInt(I[Ljava/lang/Object;)I (0 bytes) @ 0x0000000003ad2d4f [0x0000000003ad2d00+0x4f]
J 746 C1 com.sun.jna.Function.invoke([Ljava/lang/Object;Ljava/lang/Class;Z)Ljava/lang/Object; (1125 bytes) @ 0x0000000003abe4f4 [0x0000000003abddc0+0x734]
J 728 C1 com.sun.jna.Function.invoke(Ljava/lang/Class;[Ljava/lang/Object;Ljava/util/Map;)Ljava/lang/Object; (526 bytes) @ 0x0000000003aace2c [0x0000000003aabae0+0x134c]
J 745 C1 com.sun.jna.Library$Handler.invoke(Ljava/lang/Object;Ljava/lang/reflect/Method;[Ljava/lang/Object;)Ljava/lang/Object; (345 bytes) @ 0x0000000003abaa4c [0x0000000003ab87c0+0x228c]
j  com.sun.proxy.$Proxy2.WriteFile(Lcom/sun/jna/ptr/PointerByReference;[BILcom/sun/jna/ptr/IntByReference;Lcom/sun/jna/ptr/IntByReference;)Z+37
j  edu.cmu.ri.createlab.usb.hid.windows.WindowsHIDDevice.write([B)Ledu/cmu/ri/createlab/usb/hid/HIDWriteStatus;+207
j  edu.cmu.ri.createlab.usb.hid.CreateLabHIDCommandStrategy.execute(Ledu/cmu/ri/createlab/usb/hid/HIDDevice;)Ledu/cmu/ri/createlab/usb/hid/HIDCommandResponse;+15
j  edu.cmu.ri.createlab.usb.hid.CreateLabHIDCommandStrategy.execute(Ljava/lang/Object;)Ledu/cmu/ri/createlab/util/commandexecution/CommandResponse;+5
j  edu.cmu.ri.createlab.usb.hid.HIDCommand.call()Ledu/cmu/ri/createlab/usb/hid/HIDCommandResponse;+8
j  edu.cmu.ri.createlab.usb.hid.HIDCommand.call()Ljava/lang/Object;+1
j  java.util.concurrent.FutureTask.run()V+42
j  java.util.concurrent.ThreadPoolExecutor.runWorker(Ljava/util/concurrent/ThreadPoolExecutor$Worker;)V+95
j  java.util.concurrent.ThreadPoolExecutor$Worker.run()V+5
j  java.lang.Thread.run()V+11
v  ~StubRoutines::call_stub

---------------  P R O C E S S  ---------------

Java Threads: ( => current thread )
  0x000000001f946800 JavaThread "AWT-Shutdown" [_thread_blocked, id=7084, stack(0x0000000022100000,0x0000000022200000)]
  0x000000001f949000 JavaThread "Thread-0" daemon [_thread_in_native, id=2540, stack(0x0000000022000000,0x0000000022100000)]
  0x000000001f948000 JavaThread "DestroyJavaVM" [_thread_blocked, id=4488, stack(0x00000000029f0000,0x0000000002af0000)]
  0x000000001f827800 JavaThread "HIDCommandExecutionQueue.executor pool-17-thread-1" daemon [_thread_blocked, id=4848, stack(0x0000000021f00000,0x0000000022000000)]
  0x000000001f822000 JavaThread "FinchController.peerPingScheduler pool-18-thread-1" daemon [_thread_blocked, id=9580, stack(0x0000000021e00000,0x0000000021f00000)]
  0x000000001f826800 JavaThread "BaseCreateLabDeviceConnectivityManager.executorService pool-13-thread-1" daemon [_thread_blocked, id=7052, stack(0x0000000021d00000,0x0000000021e00000)]
  0x000000001f829000 JavaThread "DatasetPlotter.executorService pool-16-thread-1" daemon [_thread_blocked, id=4272, stack(0x0000000021c00000,0x0000000021d00000)]
  0x000000001f826000 JavaThread "DatasetPlotter.executorService pool-15-thread-1" daemon [_thread_blocked, id=4284, stack(0x0000000021b00000,0x0000000021c00000)]
  0x000000001f825000 JavaThread "DatasetPlotter.executorService pool-14-thread-1" daemon [_thread_blocked, id=1932, stack(0x0000000021a00000,0x0000000021b00000)]
  0x000000001f823800 JavaThread "HIDCommandExecutionQueue.executor pool-11-thread-1" daemon [_thread_blocked, id=7676, stack(0x0000000021900000,0x0000000021a00000)]
  0x000000001f823000 JavaThread "FinchController.peerPingScheduler pool-12-thread-1" daemon [_thread_blocked, id=11212, stack(0x0000000021800000,0x0000000021900000)]
  0x000000001f824800 JavaThread "BaseCreateLabDeviceConnectivityManager.executorService pool-7-thread-1" daemon [_thread_blocked, id=11704, stack(0x0000000021700000,0x0000000021800000)]
  0x000000001f828000 JavaThread "DatasetPlotter.executorService pool-10-thread-1" daemon [_thread_blocked, id=11404, stack(0x0000000021600000,0x0000000021700000)]
  0x000000001f821800 JavaThread "DatasetPlotter.executorService pool-9-thread-1" daemon [_thread_blocked, id=3952, stack(0x0000000021500000,0x0000000021600000)]
  0x000000001f7c9800 JavaThread "DatasetPlotter.executorService pool-8-thread-1" daemon [_thread_blocked, id=10536, stack(0x0000000021400000,0x0000000021500000)]
=>0x000000001f7c3800 JavaThread "HIDCommandExecutionQueue.executor pool-5-thread-1" daemon [_thread_in_vm, id=7068, stack(0x0000000021300000,0x0000000021400000)]
  0x000000001f7c3000 JavaThread "FinchController.peerPingScheduler pool-6-thread-1" daemon [_thread_blocked, id=1588, stack(0x0000000021200000,0x0000000021300000)]
  0x000000001f727000 JavaThread "BaseCreateLabDeviceConnectivityManager.executorService pool-1-thread-1" daemon [_thread_blocked, id=2992, stack(0x0000000020e00000,0x0000000020f00000)]
  0x000000001f726000 JavaThread "DatasetPlotter.executorService pool-4-thread-1" daemon [_thread_blocked, id=8572, stack(0x0000000020d00000,0x0000000020e00000)]
  0x000000001f725800 JavaThread "DatasetPlotter.executorService pool-3-thread-1" daemon [_thread_blocked, id=1748, stack(0x0000000020c00000,0x0000000020d00000)]
  0x000000001f720800 JavaThread "DatasetPlotter.executorService pool-2-thread-1" daemon [_thread_blocked, id=11140, stack(0x0000000020b00000,0x0000000020c00000)]
  0x000000001f2c5000 JavaThread "Java2D Disposer" daemon [_thread_blocked, id=9188, stack(0x000000001fe20000,0x000000001ff20000)]
  0x000000001ef4d800 JavaThread "Service Thread" daemon [_thread_blocked, id=9648, stack(0x000000001f2e0000,0x000000001f3e0000)]
  0x000000001cf5e000 JavaThread "C1 CompilerThread2" daemon [_thread_blocked, id=9572, stack(0x000000001ede0000,0x000000001eee0000)]
  0x000000001cf5c800 JavaThread "C2 CompilerThread1" daemon [_thread_blocked, id=3368, stack(0x000000001ece0000,0x000000001ede0000)]
  0x000000001cf56000 JavaThread "C2 CompilerThread0" daemon [_thread_blocked, id=12088, stack(0x000000001ebe0000,0x000000001ece0000)]
  0x000000001cf51000 JavaThread "Attach Listener" daemon [_thread_blocked, id=8928, stack(0x000000001eae0000,0x000000001ebe0000)]
  0x000000001cf50000 JavaThread "Signal Dispatcher" daemon [_thread_blocked, id=10268, stack(0x000000001e9e0000,0x000000001eae0000)]
  0x00000000037c9800 JavaThread "Finalizer" daemon [_thread_blocked, id=2544, stack(0x000000001e7e0000,0x000000001e8e0000)]
  0x00000000037c6000 JavaThread "Reference Handler" daemon [_thread_blocked, id=9524, stack(0x000000001e6e0000,0x000000001e7e0000)]

Other Threads:
  0x000000001cf18000 VMThread [stack: 0x000000001e5e0000,0x000000001e6e0000] [id=1468]
  0x000000001ef60000 WatcherThread [stack: 0x000000001f3e0000,0x000000001f4e0000] [id=11560]

VM state:not at safepoint (normal execution)

VM Mutex/Monitor currently owned by a thread: None

Heap:
 PSYoungGen      total 75776K, used 41623K [0x000000076b900000, 0x0000000770d80000, 0x00000007c0000000)
  eden space 65024K, 64% used [0x000000076b900000,0x000000076e1a5c98,0x000000076f880000)
  from space 10752K, 0% used [0x0000000770300000,0x0000000770300000,0x0000000770d80000)
  to   space 10752K, 0% used [0x000000076f880000,0x000000076f880000,0x0000000770300000)
 ParOldGen       total 173568K, used 0K [0x00000006c2a00000, 0x00000006cd380000, 0x000000076b900000)
  object space 173568K, 0% used [0x00000006c2a00000,0x00000006c2a00000,0x00000006cd380000)
 Metaspace       used 10852K, capacity 11052K, committed 11136K, reserved 1058816K
  class space    used 1306K, capacity 1385K, committed 1408K, reserved 1048576K

Card table byte_map: [0x0000000012b90000,0x0000000013380000] byte_map_base: 0x000000000f57b000

Marking Bits: (ParMarkBitMap*) 0x0000000077d32f70
 Begin Bits: [0x0000000013ed0000, 0x0000000017e28000)
 End Bits:   [0x0000000017e28000, 0x000000001bd80000)

Polling page: 0x0000000000810000

CodeCache: size=245760Kb used=3111Kb max_used=3121Kb free=242648Kb
 bounds [0x00000000037d0000, 0x0000000003ae0000, 0x00000000127d0000]
 total_blobs=1170 nmethods=767 adapters=316
 compilation: enabled

Compilation events (10 events):
Event: 20.961 Thread 0x000000001cf5e000  770       3       edu.cmu.ri.createlab.usb.hid.windows.WinError::findById (56 bytes)
Event: 20.962 Thread 0x000000001cf5e000 nmethod 770 0x0000000003ad8850 code [0x0000000003ad8ac0, 0x0000000003ad9b08]
Event: 20.969 Thread 0x000000001cf56000  771       4       java.util.concurrent.locks.AbstractQueuedSynchronizer::isOnSyncQueue (33 bytes)
Event: 20.970 Thread 0x000000001cf56000 nmethod 771 0x0000000003adce90 code [0x0000000003adcfe0, 0x0000000003add0c8]
Event: 21.201 Thread 0x000000001cf5c800  772       4       java.util.concurrent.locks.ReentrantLock::unlock (10 bytes)
Event: 21.205 Thread 0x000000001cf5c800 nmethod 772 0x0000000003adb5d0 code [0x0000000003adb720, 0x0000000003adb848]
Event: 21.577 Thread 0x000000001cf5e000  773       3       java.util.concurrent.atomic.AtomicInteger::getAndIncrement (12 bytes)
Event: 21.577 Thread 0x000000001cf5e000 nmethod 773 0x0000000003adb2d0 code [0x0000000003adb420, 0x0000000003adb570]
Event: 21.586 Thread 0x000000001cf5e000  774       3       com.sun.jna.ptr.IntByReference::getValue (9 bytes)
Event: 21.586 Thread 0x000000001cf5e000 nmethod 774 0x0000000003adadd0 code [0x0000000003adaf40, 0x0000000003adb208]

GC Heap History (0 events):
No events

Deoptimization events (1 events):
Event: 9.272 Thread 0x00000000025ee800 Uncommon trap: reason=unstable_if action=reinterpret pc=0x0000000003927930 method=java.lang.String.startsWith(Ljava/lang/String;I)Z @ 25

Internal exceptions (10 events):
Event: 9.083 Thread 0x00000000025ee800 Exception <a 'java/lang/ClassNotFoundException': org/apache/log4j/WriterAppenderCustomizer> (0x000000076bc9c6c8) thrown at [C:\re\workspace\8-2-build-windows-amd64-cygwin\jdk8u91\7017\hotspot\src\share\vm\classfile\systemDictionary.cpp, line 210]
Event: 9.085 Thread 0x00000000025ee800 Exception <a 'java/lang/ClassNotFoundException': org/apache/log4j/FileAppenderCustomizer> (0x000000076bcac0e8) thrown at [C:\re\workspace\8-2-build-windows-amd64-cygwin\jdk8u91\7017\hotspot\src\share\vm\classfile\systemDictionary.cpp, line 210]
Event: 9.112 Thread 0x00000000025ee800 Exception <a 'java/lang/ClassNotFoundException': org/apache/log4j/PatternLayoutBeanInfo> (0x000000076bcf44e8) thrown at [C:\re\workspace\8-2-build-windows-amd64-cygwin\jdk8u91\7017\hotspot\src\share\vm\classfile\systemDictionary.cpp, line 210]
Event: 9.113 Thread 0x00000000025ee800 Exception <a 'java/lang/ClassNotFoundException': org/apache/log4j/LayoutBeanInfo> (0x000000076bcf73b8) thrown at [C:\re\workspace\8-2-build-windows-amd64-cygwin\jdk8u91\7017\hotspot\src\share\vm\classfile\systemDictionary.cpp, line 210]
Event: 9.113 Thread 0x00000000025ee800 Exception <a 'java/lang/ClassNotFoundException': org/apache/log4j/LayoutCustomizer> (0x000000076bcfa108) thrown at [C:\re\workspace\8-2-build-windows-amd64-cygwin\jdk8u91\7017\hotspot\src\share\vm\classfile\systemDictionary.cpp, line 210]
Event: 9.114 Thread 0x00000000025ee800 Exception <a 'java/lang/ClassNotFoundException': org/apache/log4j/PatternLayoutCustomizer> (0x000000076bd016c8) thrown at [C:\re\workspace\8-2-build-windows-amd64-cygwin\jdk8u91\7017\hotspot\src\share\vm\classfile\systemDictionary.cpp, line 210]
Event: 9.194 Thread 0x00000000025ee800 Exception <a 'java/io/FileNotFoundException'> (0x000000076bdbd808) thrown at [C:\re\workspace\8-2-build-windows-amd64-cygwin\jdk8u91\7017\hotspot\src\share\vm\prims\jni.cpp, line 709]
Event: 9.214 Thread 0x00000000025ee800 Exception <a 'java/lang/NoSuchFieldError': method resolution failed> (0x000000076be8afb0) thrown at [C:\re\workspace\8-2-build-windows-amd64-cygwin\jdk8u91\7017\hotspot\src\share\vm\prims\methodHandles.cpp, line 1146]
Event: 9.215 Thread 0x00000000025ee800 Exception <a 'java/lang/NoSuchFieldError': method resolution failed> (0x000000076be982d0) thrown at [C:\re\workspace\8-2-build-windows-amd64-cygwin\jdk8u91\7017\hotspot\src\share\vm\prims\methodHandles.cpp, line 1146]
Event: 9.264 Thread 0x00000000025ee800 Exception <a 'java/io/FileNotFoundException'> (0x000000076c0c1e38) thrown at [C:\re\workspace\8-2-build-windows-amd64-cygwin\jdk8u91\7017\hotspot\src\share\vm\prims\jni.cpp, line 709]

Events (10 events):
Event: 21.653 Thread 0x000000001f779000 Thread exited: 0x000000001f779000
Event: 21.654 loading class java/lang/ProcessBuilder
Event: 21.654 loading class java/lang/ProcessBuilder done
Event: 21.654 loading class java/lang/ProcessImpl
Event: 21.654 loading class java/lang/Process
Event: 21.654 loading class java/lang/Process done
Event: 21.654 loading class java/lang/ProcessImpl done
Event: 21.667 loading class java/lang/ProcessImpl$2
Event: 21.667 loading class java/lang/ProcessImpl$2 done
Event: 21.668 Thread 0x000000001f94a800 Thread exited: 0x000000001f94a800


Dynamic libraries:
0x00007ff65aa20000 - 0x00007ff65aa57000 	C:\ProgramData\App-V\0B70EF40-A855-4EFB-B52A-6CE69748D45B\348F99B0-10D1-4528-BCF1-4B88784E3835\Root\VFS\ProgramFilesX64\Java\jre1.8.0_91\bin\javaw.exe
0x00007ff949000000 - 0x00007ff9491f0000 	C:\WINDOWS\SYSTEM32\ntdll.dll
0x00007ff948ec0000 - 0x00007ff948f72000 	C:\WINDOWS\System32\KERNEL32.DLL
0x00007ff946cb0000 - 0x00007ff946f53000 	C:\WINDOWS\System32\KERNELBASE.dll
0x00007ff916780000 - 0x00007ff91699d000 	C:\Windows\System32\AppVEntSubsystems64.dll
0x00007ff948540000 - 0x00007ff9485e3000 	C:\WINDOWS\System32\ADVAPI32.dll
0x00007ff948cc0000 - 0x00007ff948d5e000 	C:\WINDOWS\System32\msvcrt.dll
0x00007ff947c00000 - 0x00007ff947c97000 	C:\WINDOWS\System32\sechost.dll
0x00007ff948a50000 - 0x00007ff948b70000 	C:\WINDOWS\System32\RPCRT4.dll
0x00007ff9488a0000 - 0x00007ff948a34000 	C:\WINDOWS\System32\USER32.dll
0x00007ff946400000 - 0x00007ff946421000 	C:\WINDOWS\System32\win32u.dll
0x00007ff948bd0000 - 0x00007ff948bf6000 	C:\WINDOWS\System32\GDI32.dll
0x00007ff946260000 - 0x00007ff9463f4000 	C:\WINDOWS\System32\gdi32full.dll
0x00007ff946f90000 - 0x00007ff94702e000 	C:\WINDOWS\System32\msvcp_win.dll
0x00007ff946bb0000 - 0x00007ff946caa000 	C:\WINDOWS\System32\ucrtbase.dll
0x00007ff948d60000 - 0x00007ff948eb6000 	C:\WINDOWS\System32\ole32.dll
0x00007ff947450000 - 0x00007ff947786000 	C:\WINDOWS\System32\combase.dll
0x00007ff945f60000 - 0x00007ff945fe0000 	C:\WINDOWS\System32\bcryptPrimitives.dll
0x00007ff947e50000 - 0x00007ff948535000 	C:\WINDOWS\System32\SHELL32.dll
0x00007ff947030000 - 0x00007ff94707a000 	C:\WINDOWS\System32\cfgmgr32.dll
0x00007ff948c00000 - 0x00007ff948ca9000 	C:\WINDOWS\System32\shcore.dll
0x00007ff946430000 - 0x00007ff946baf000 	C:\WINDOWS\System32\windows.storage.dll
0x00007ff945f20000 - 0x00007ff945f3f000 	C:\WINDOWS\System32\profapi.dll
0x00007ff945ed0000 - 0x00007ff945f1a000 	C:\WINDOWS\System32\powrprof.dll
0x00007ff945ea0000 - 0x00007ff945eb0000 	C:\WINDOWS\System32\UMPDC.dll
0x00007ff948b70000 - 0x00007ff948bc2000 	C:\WINDOWS\System32\shlwapi.dll
0x00007ff945f40000 - 0x00007ff945f51000 	C:\WINDOWS\System32\kernel.appcore.dll
0x00007ff946190000 - 0x00007ff9461a7000 	C:\WINDOWS\System32\cryptsp.dll
0x00007ff945dc0000 - 0x00007ff945de5000 	C:\WINDOWS\SYSTEM32\USERENV.dll
0x00007ff9400c0000 - 0x00007ff9400ca000 	C:\WINDOWS\SYSTEM32\VERSION.dll
0x00007ff930920000 - 0x00007ff930ba5000 	C:\WINDOWS\WinSxS\amd64_microsoft.windows.common-controls_6595b64144ccf1df_6.0.18362.418_none_e6c6b287130d565d\COMCTL32.dll
0x00007ff947420000 - 0x00007ff94744e000 	C:\WINDOWS\System32\IMM32.DLL
0x00007ff947230000 - 0x00007ff9472f4000 	C:\WINDOWS\System32\oleaut32.dll
0x0000000050ca0000 - 0x0000000050d72000 	C:\ProgramData\App-V\0B70EF40-A855-4EFB-B52A-6CE69748D45B\348F99B0-10D1-4528-BCF1-4B88784E3835\Root\VFS\ProgramFilesX64\Java\jre1.8.0_91\bin\msvcr100.dll
0x0000000077520000 - 0x0000000077db3000 	C:\ProgramData\App-V\0B70EF40-A855-4EFB-B52A-6CE69748D45B\348F99B0-10D1-4528-BCF1-4B88784E3835\Root\VFS\ProgramFilesX64\Java\jre1.8.0_91\bin\server\jvm.dll
0x00007ff948a40000 - 0x00007ff948a48000 	C:\WINDOWS\System32\PSAPI.DLL
0x00007ff937a00000 - 0x00007ff937a09000 	C:\WINDOWS\SYSTEM32\WSOCK32.dll
0x00007ff948700000 - 0x00007ff94876f000 	C:\WINDOWS\System32\WS2_32.dll
0x00007ff943fd0000 - 0x00007ff943ff4000 	C:\WINDOWS\SYSTEM32\WINMM.dll
0x00007ff943fa0000 - 0x00007ff943fcd000 	C:\WINDOWS\SYSTEM32\WINMMBASE.dll
0x00000000500a0000 - 0x00000000500af000 	C:\ProgramData\App-V\0B70EF40-A855-4EFB-B52A-6CE69748D45B\348F99B0-10D1-4528-BCF1-4B88784E3835\Root\VFS\ProgramFilesX64\Java\jre1.8.0_91\bin\verify.dll
0x0000000050070000 - 0x0000000050099000 	C:\ProgramData\App-V\0B70EF40-A855-4EFB-B52A-6CE69748D45B\348F99B0-10D1-4528-BCF1-4B88784E3835\Root\VFS\ProgramFilesX64\Java\jre1.8.0_91\bin\java.dll
0x0000000050050000 - 0x0000000050066000 	C:\ProgramData\App-V\0B70EF40-A855-4EFB-B52A-6CE69748D45B\348F99B0-10D1-4528-BCF1-4B88784E3835\Root\VFS\ProgramFilesX64\Java\jre1.8.0_91\bin\zip.dll
0x0000000050b00000 - 0x0000000050c98000 	C:\ProgramData\App-V\0B70EF40-A855-4EFB-B52A-6CE69748D45B\348F99B0-10D1-4528-BCF1-4B88784E3835\Root\VFS\ProgramFilesX64\Java\jre1.8.0_91\bin\awt.dll
0x00007ff943cc0000 - 0x00007ff943d4f000 	C:\WINDOWS\SYSTEM32\apphelp.dll
0x00007ff944220000 - 0x00007ff9442b9000 	C:\WINDOWS\system32\uxtheme.dll
0x00007ff9470f0000 - 0x00007ff947226000 	C:\WINDOWS\System32\MSCTF.dll
0x00007ff944750000 - 0x00007ff94477d000 	C:\WINDOWS\system32\DWMAPI.DLL
0x00007ff945220000 - 0x00007ff945253000 	C:\WINDOWS\system32\rsaenh.dll
0x00007ff946f60000 - 0x00007ff946f86000 	C:\WINDOWS\System32\bcrypt.dll
0x00007ff945880000 - 0x00007ff94588c000 	C:\WINDOWS\SYSTEM32\CRYPTBASE.dll
0x0000000077500000 - 0x000000007751a000 	C:\ProgramData\App-V\0B70EF40-A855-4EFB-B52A-6CE69748D45B\348F99B0-10D1-4528-BCF1-4B88784E3835\Root\VFS\ProgramFilesX64\Java\jre1.8.0_91\bin\net.dll
0x00007ff9456b0000 - 0x00007ff945717000 	C:\WINDOWS\system32\mswsock.dll
0x00007ff9453c0000 - 0x00007ff9453fa000 	C:\WINDOWS\SYSTEM32\IPHLPAPI.DLL
0x00007ff948f80000 - 0x00007ff948f88000 	C:\WINDOWS\System32\NSI.dll
0x00007ff940ac0000 - 0x00007ff940ad6000 	C:\WINDOWS\SYSTEM32\dhcpcsvc6.DLL
0x00007ff9406e0000 - 0x00007ff9406fc000 	C:\WINDOWS\SYSTEM32\dhcpcsvc.DLL
0x00007ff945400000 - 0x00007ff9454ca000 	C:\WINDOWS\SYSTEM32\DNSAPI.dll
0x00000000773e0000 - 0x00000000773f1000 	C:\ProgramData\App-V\0B70EF40-A855-4EFB-B52A-6CE69748D45B\348F99B0-10D1-4528-BCF1-4B88784E3835\Root\VFS\ProgramFilesX64\Java\jre1.8.0_91\bin\nio.dll
0x0000000180000000 - 0x0000000180037000 	C:\Users\1918683\AppData\Local\Temp\1\jna6342022915548988575.dll
0x00007ff944ab0000 - 0x00007ff944abe000 	C:\WINDOWS\SYSTEM32\hid.dll
0x00007ff947790000 - 0x00007ff947c00000 	C:\WINDOWS\System32\setupapi.dll
0x00007ff945c40000 - 0x00007ff945c6a000 	C:\WINDOWS\System32\DEVOBJ.dll
0x00007ff945fe0000 - 0x00007ff94603c000 	C:\WINDOWS\System32\WINTRUST.dll
0x00007ff945eb0000 - 0x00007ff945ec2000 	C:\WINDOWS\System32\MSASN1.dll
0x00007ff946040000 - 0x00007ff946189000 	C:\WINDOWS\System32\CRYPT32.dll
0x00007ff931cc0000 - 0x00007ff931eb4000 	C:\WINDOWS\SYSTEM32\dbghelp.dll

VM Arguments:
jvm_args: -Dfile.encoding=Cp1252 
java_command: game
java_class_path (initial): H:\eclipseWorkspace\MemoryGame\bin;\\ikb\home\83\1918683\Downloads\finch.jar
Launcher Type: SUN_STANDARD

Environment Variables:
PATH=C:\ProgramData\Oracle\Java\javapath;C:/Program Files/Java/jre1.8.0_91/bin/server;C:/Program Files/Java/jre1.8.0_91/bin;C:/Program Files/Java/jre1.8.0_91/lib/amd64;C:\Program Files (x86)\Applied BioSystems\QuantStudio Real-Time PCR Software\bin;C:\Program Files (x86)\Common Files\Oracle\Java\javapath;C:\WINDOWS\system32;C:\WINDOWS;C:\WINDOWS\System32\Wbem;C:\WINDOWS\System32\WindowsPowerShell\v1.0\;C:\WINDOWS\System32\OpenSSH\;C:\Users\1918683\AppData\Local\Microsoft\WindowsApps;;C:\Eclipse
USERNAME=1918683
OS=Windows_NT
PROCESSOR_IDENTIFIER=Intel64 Family 6 Model 158 Stepping 10, GenuineIntel



---------------  S Y S T E M  ---------------

OS: Windows 10.0 , 64 bit Build 18362 (10.0.18362.329)

CPU:total 6 (6 cores per cpu, 1 threads per core) family 6 model 158 stepping 10, cmov, cx8, fxsr, mmx, sse, sse2, sse3, ssse3, sse4.1, sse4.2, popcnt, avx, avx2, aes, clmul, erms, rtm, 3dnowpref, lzcnt, tsc, tscinvbit, bmi1, bmi2, adx

Memory: 4k page, physical 16597160k(11036548k free), swap 19087528k(13078816k free)

vm_info: Java HotSpot(TM) 64-Bit Server VM (25.91-b15) for windows-amd64 JRE (1.8.0_91-b15), built on May 20 2016 17:43:15 by "java_re" with MS VC++ 10.0 (VS2010)

time: Wed Nov 13 18:04:04 2019
elapsed time: 21 seconds (0d 0h 0m 21s)

